<?xml version="1.0" encoding="UTF-8"?>
<testsuite xmlns:xsi="http://www.w3.org/2001/XMLSchema-instance" xsi:noNamespaceSchemaLocation="https://maven.apache.org/surefire/maven-surefire-plugin/xsd/surefire-test-report.xsd" name="com.stackroute.knowledgevault.configserver.ConfigServerApplicationTests" time="15.356" tests="1" errors="0" skipped="0" failures="0">
  <properties>
    <property name="sun.desktop" value="gnome"/>
    <property name="awt.toolkit" value="sun.awt.X11.XToolkit"/>
    <property name="java.specification.version" value="10"/>
    <property name="file.encoding.pkg" value="sun.io"/>
    <property name="sun.cpu.isalist" value=""/>
    <property name="sun.jnu.encoding" value="UTF-8"/>
    <property name="java.class.path" value="/home/cgi/Documents/knowledge-vault/config-server/target/test-classes:/home/cgi/Documents/knowledge-vault/config-server/target/classes:/home/cgi/.m2/repository/org/springframework/cloud/spring-cloud-config-server/2.0.1.RELEASE/spring-cloud-config-server-2.0.1.RELEASE.jar:/home/cgi/.m2/repository/org/springframework/cloud/spring-cloud-config-client/2.0.1.RELEASE/spring-cloud-config-client-2.0.1.RELEASE.jar:/home/cgi/.m2/repository/org/springframework/boot/spring-boot-autoconfigure/2.1.0.RELEASE/spring-boot-autoconfigure-2.1.0.RELEASE.jar:/home/cgi/.m2/repository/org/springframework/cloud/spring-cloud-commons/2.0.1.RELEASE/spring-cloud-commons-2.0.1.RELEASE.jar:/home/cgi/.m2/repository/org/springframework/cloud/spring-cloud-context/2.0.1.RELEASE/spring-cloud-context-2.0.1.RELEASE.jar:/home/cgi/.m2/repository/org/springframework/spring-web/5.1.2.RELEASE/spring-web-5.1.2.RELEASE.jar:/home/cgi/.m2/repository/org/springframework/spring-beans/5.1.2.RELEASE/spring-beans-5.1.2.RELEASE.jar:/home/cgi/.m2/repository/org/springframework/boot/spring-boot-starter-actuator/2.1.0.RELEASE/spring-boot-starter-actuator-2.1.0.RELEASE.jar:/home/cgi/.m2/repository/org/springframework/boot/spring-boot-actuator-autoconfigure/2.1.0.RELEASE/spring-boot-actuator-autoconfigure-2.1.0.RELEASE.jar:/home/cgi/.m2/repository/org/springframework/boot/spring-boot-actuator/2.1.0.RELEASE/spring-boot-actuator-2.1.0.RELEASE.jar:/home/cgi/.m2/repository/org/springframework/spring-context/5.1.2.RELEASE/spring-context-5.1.2.RELEASE.jar:/home/cgi/.m2/repository/com/fasterxml/jackson/datatype/jackson-datatype-jsr310/2.9.7/jackson-datatype-jsr310-2.9.7.jar:/home/cgi/.m2/repository/io/micrometer/micrometer-core/1.1.0/micrometer-core-1.1.0.jar:/home/cgi/.m2/repository/org/hdrhistogram/HdrHistogram/2.1.9/HdrHistogram-2.1.9.jar:/home/cgi/.m2/repository/org/latencyutils/LatencyUtils/2.0.3/LatencyUtils-2.0.3.jar:/home/cgi/.m2/repository/org/springframework/boot/spring-boot-starter-web/2.1.0.RELEASE/spring-boot-starter-web-2.1.0.RELEASE.jar:/home/cgi/.m2/repository/org/springframework/boot/spring-boot-starter-json/2.1.0.RELEASE/spring-boot-starter-json-2.1.0.RELEASE.jar:/home/cgi/.m2/repository/com/fasterxml/jackson/datatype/jackson-datatype-jdk8/2.9.7/jackson-datatype-jdk8-2.9.7.jar:/home/cgi/.m2/repository/com/fasterxml/jackson/module/jackson-module-parameter-names/2.9.7/jackson-module-parameter-names-2.9.7.jar:/home/cgi/.m2/repository/org/springframework/boot/spring-boot-starter-tomcat/2.1.0.RELEASE/spring-boot-starter-tomcat-2.1.0.RELEASE.jar:/home/cgi/.m2/repository/org/apache/tomcat/embed/tomcat-embed-core/9.0.12/tomcat-embed-core-9.0.12.jar:/home/cgi/.m2/repository/org/apache/tomcat/embed/tomcat-embed-el/9.0.12/tomcat-embed-el-9.0.12.jar:/home/cgi/.m2/repository/org/apache/tomcat/embed/tomcat-embed-websocket/9.0.12/tomcat-embed-websocket-9.0.12.jar:/home/cgi/.m2/repository/org/hibernate/validator/hibernate-validator/6.0.13.Final/hibernate-validator-6.0.13.Final.jar:/home/cgi/.m2/repository/javax/validation/validation-api/2.0.1.Final/validation-api-2.0.1.Final.jar:/home/cgi/.m2/repository/org/jboss/logging/jboss-logging/3.3.2.Final/jboss-logging-3.3.2.Final.jar:/home/cgi/.m2/repository/com/fasterxml/classmate/1.4.0/classmate-1.4.0.jar:/home/cgi/.m2/repository/org/springframework/spring-webmvc/5.1.2.RELEASE/spring-webmvc-5.1.2.RELEASE.jar:/home/cgi/.m2/repository/org/springframework/spring-aop/5.1.2.RELEASE/spring-aop-5.1.2.RELEASE.jar:/home/cgi/.m2/repository/org/springframework/spring-expression/5.1.2.RELEASE/spring-expression-5.1.2.RELEASE.jar:/home/cgi/.m2/repository/org/springframework/security/spring-security-crypto/5.1.1.RELEASE/spring-security-crypto-5.1.1.RELEASE.jar:/home/cgi/.m2/repository/org/springframework/security/spring-security-rsa/1.0.5.RELEASE/spring-security-rsa-1.0.5.RELEASE.jar:/home/cgi/.m2/repository/org/bouncycastle/bcpkix-jdk15on/1.56/bcpkix-jdk15on-1.56.jar:/home/cgi/.m2/repository/org/bouncycastle/bcprov-jdk15on/1.56/bcprov-jdk15on-1.56.jar:/home/cgi/.m2/repository/org/eclipse/jgit/org.eclipse.jgit/4.11.0.201803080745-r/org.eclipse.jgit-4.11.0.201803080745-r.jar:/home/cgi/.m2/repository/com/jcraft/jsch/0.1.54/jsch-0.1.54.jar:/home/cgi/.m2/repository/com/jcraft/jzlib/1.1.1/jzlib-1.1.1.jar:/home/cgi/.m2/repository/com/googlecode/javaewah/JavaEWAH/1.1.6/JavaEWAH-1.1.6.jar:/home/cgi/.m2/repository/org/apache/httpcomponents/httpclient/4.5.6/httpclient-4.5.6.jar:/home/cgi/.m2/repository/commons-codec/commons-codec/1.11/commons-codec-1.11.jar:/home/cgi/.m2/repository/org/slf4j/slf4j-api/1.7.25/slf4j-api-1.7.25.jar:/home/cgi/.m2/repository/org/eclipse/jgit/org.eclipse.jgit.http.apache/4.11.0.201803080745-r/org.eclipse.jgit.http.apache-4.11.0.201803080745-r.jar:/home/cgi/.m2/repository/org/apache/httpcomponents/httpcore/4.4.10/httpcore-4.4.10.jar:/home/cgi/.m2/repository/org/yaml/snakeyaml/1.23/snakeyaml-1.23.jar:/home/cgi/.m2/repository/org/springframework/boot/spring-boot-starter-test/2.1.0.RELEASE/spring-boot-starter-test-2.1.0.RELEASE.jar:/home/cgi/.m2/repository/org/springframework/boot/spring-boot-starter/2.1.0.RELEASE/spring-boot-starter-2.1.0.RELEASE.jar:/home/cgi/.m2/repository/org/springframework/boot/spring-boot/2.1.0.RELEASE/spring-boot-2.1.0.RELEASE.jar:/home/cgi/.m2/repository/org/springframework/boot/spring-boot-starter-logging/2.1.0.RELEASE/spring-boot-starter-logging-2.1.0.RELEASE.jar:/home/cgi/.m2/repository/ch/qos/logback/logback-classic/1.2.3/logback-classic-1.2.3.jar:/home/cgi/.m2/repository/ch/qos/logback/logback-core/1.2.3/logback-core-1.2.3.jar:/home/cgi/.m2/repository/org/apache/logging/log4j/log4j-to-slf4j/2.11.1/log4j-to-slf4j-2.11.1.jar:/home/cgi/.m2/repository/org/apache/logging/log4j/log4j-api/2.11.1/log4j-api-2.11.1.jar:/home/cgi/.m2/repository/org/slf4j/jul-to-slf4j/1.7.25/jul-to-slf4j-1.7.25.jar:/home/cgi/.m2/repository/javax/annotation/javax.annotation-api/1.3.2/javax.annotation-api-1.3.2.jar:/home/cgi/.m2/repository/org/springframework/boot/spring-boot-test/2.1.0.RELEASE/spring-boot-test-2.1.0.RELEASE.jar:/home/cgi/.m2/repository/org/springframework/boot/spring-boot-test-autoconfigure/2.1.0.RELEASE/spring-boot-test-autoconfigure-2.1.0.RELEASE.jar:/home/cgi/.m2/repository/com/jayway/jsonpath/json-path/2.4.0/json-path-2.4.0.jar:/home/cgi/.m2/repository/net/minidev/json-smart/2.3/json-smart-2.3.jar:/home/cgi/.m2/repository/net/minidev/accessors-smart/1.2/accessors-smart-1.2.jar:/home/cgi/.m2/repository/org/assertj/assertj-core/3.11.1/assertj-core-3.11.1.jar:/home/cgi/.m2/repository/org/mockito/mockito-core/2.23.0/mockito-core-2.23.0.jar:/home/cgi/.m2/repository/net/bytebuddy/byte-buddy/1.9.3/byte-buddy-1.9.3.jar:/home/cgi/.m2/repository/net/bytebuddy/byte-buddy-agent/1.9.3/byte-buddy-agent-1.9.3.jar:/home/cgi/.m2/repository/org/objenesis/objenesis/2.6/objenesis-2.6.jar:/home/cgi/.m2/repository/org/hamcrest/hamcrest-core/1.3/hamcrest-core-1.3.jar:/home/cgi/.m2/repository/org/hamcrest/hamcrest-library/1.3/hamcrest-library-1.3.jar:/home/cgi/.m2/repository/org/skyscreamer/jsonassert/1.5.0/jsonassert-1.5.0.jar:/home/cgi/.m2/repository/com/vaadin/external/google/android-json/0.0.20131108.vaadin1/android-json-0.0.20131108.vaadin1.jar:/home/cgi/.m2/repository/org/springframework/spring-core/5.1.2.RELEASE/spring-core-5.1.2.RELEASE.jar:/home/cgi/.m2/repository/org/springframework/spring-jcl/5.1.2.RELEASE/spring-jcl-5.1.2.RELEASE.jar:/home/cgi/.m2/repository/org/springframework/spring-test/5.1.2.RELEASE/spring-test-5.1.2.RELEASE.jar:/home/cgi/.m2/repository/org/xmlunit/xmlunit-core/2.6.2/xmlunit-core-2.6.2.jar:/home/cgi/.m2/repository/javax/xml/bind/jaxb-api/2.3.1/jaxb-api-2.3.1.jar:/home/cgi/.m2/repository/javax/activation/javax.activation-api/1.2.0/javax.activation-api-1.2.0.jar:/home/cgi/.m2/repository/org/projectlombok/lombok/1.18.2/lombok-1.18.2.jar:/home/cgi/.m2/repository/com/fasterxml/jackson/core/jackson-databind/2.9.7/jackson-databind-2.9.7.jar:/home/cgi/.m2/repository/com/fasterxml/jackson/core/jackson-annotations/2.9.0/jackson-annotations-2.9.0.jar:/home/cgi/.m2/repository/com/fasterxml/jackson/core/jackson-core/2.9.7/jackson-core-2.9.7.jar:/home/cgi/.m2/repository/junit/junit/4.12/junit-4.12.jar:/home/cgi/.m2/repository/org/jacoco/jacoco-maven-plugin/0.8.2/jacoco-maven-plugin-0.8.2.jar:/home/cgi/.m2/repository/org/apache/maven/maven-plugin-api/2.2.1/maven-plugin-api-2.2.1.jar:/home/cgi/.m2/repository/org/apache/maven/maven-project/2.2.1/maven-project-2.2.1.jar:/home/cgi/.m2/repository/org/apache/maven/maven-settings/2.2.1/maven-settings-2.2.1.jar:/home/cgi/.m2/repository/org/apache/maven/maven-profile/2.2.1/maven-profile-2.2.1.jar:/home/cgi/.m2/repository/org/apache/maven/maven-model/2.2.1/maven-model-2.2.1.jar:/home/cgi/.m2/repository/org/apache/maven/maven-artifact-manager/2.2.1/maven-artifact-manager-2.2.1.jar:/home/cgi/.m2/repository/org/apache/maven/maven-repository-metadata/2.2.1/maven-repository-metadata-2.2.1.jar:/home/cgi/.m2/repository/org/apache/maven/wagon/wagon-provider-api/1.0-beta-6/wagon-provider-api-1.0-beta-6.jar:/home/cgi/.m2/repository/backport-util-concurrent/backport-util-concurrent/3.1/backport-util-concurrent-3.1.jar:/home/cgi/.m2/repository/org/apache/maven/maven-plugin-registry/2.2.1/maven-plugin-registry-2.2.1.jar:/home/cgi/.m2/repository/org/codehaus/plexus/plexus-interpolation/1.11/plexus-interpolation-1.11.jar:/home/cgi/.m2/repository/org/apache/maven/maven-artifact/2.2.1/maven-artifact-2.2.1.jar:/home/cgi/.m2/repository/org/codehaus/plexus/plexus-container-default/1.0-alpha-9-stable-1/plexus-container-default-1.0-alpha-9-stable-1.jar:/home/cgi/.m2/repository/classworlds/classworlds/1.1-alpha-2/classworlds-1.1-alpha-2.jar:/home/cgi/.m2/repository/org/codehaus/plexus/plexus-utils/3.0.22/plexus-utils-3.0.22.jar:/home/cgi/.m2/repository/org/apache/maven/shared/file-management/1.2.1/file-management-1.2.1.jar:/home/cgi/.m2/repository/org/apache/maven/shared/maven-shared-io/1.1/maven-shared-io-1.1.jar:/home/cgi/.m2/repository/org/apache/maven/reporting/maven-reporting-api/2.2.1/maven-reporting-api-2.2.1.jar:/home/cgi/.m2/repository/org/apache/maven/doxia/doxia-sink-api/1.1/doxia-sink-api-1.1.jar:/home/cgi/.m2/repository/org/apache/maven/doxia/doxia-logging-api/1.1/doxia-logging-api-1.1.jar:/home/cgi/.m2/repository/org/apache/maven/reporting/maven-reporting-impl/2.1/maven-reporting-impl-2.1.jar:/home/cgi/.m2/repository/org/apache/maven/doxia/doxia-core/1.1.2/doxia-core-1.1.2.jar:/home/cgi/.m2/repository/xerces/xercesImpl/2.8.1/xercesImpl-2.8.1.jar:/home/cgi/.m2/repository/commons-lang/commons-lang/2.4/commons-lang-2.4.jar:/home/cgi/.m2/repository/commons-httpclient/commons-httpclient/3.1/commons-httpclient-3.1.jar:/home/cgi/.m2/repository/org/apache/maven/doxia/doxia-site-renderer/1.1.2/doxia-site-renderer-1.1.2.jar:/home/cgi/.m2/repository/org/apache/maven/doxia/doxia-decoration-model/1.1.2/doxia-decoration-model-1.1.2.jar:/home/cgi/.m2/repository/org/apache/maven/doxia/doxia-module-xhtml/1.1.2/doxia-module-xhtml-1.1.2.jar:/home/cgi/.m2/repository/org/apache/maven/doxia/doxia-module-fml/1.1.2/doxia-module-fml-1.1.2.jar:/home/cgi/.m2/repository/org/codehaus/plexus/plexus-i18n/1.0-beta-7/plexus-i18n-1.0-beta-7.jar:/home/cgi/.m2/repository/org/codehaus/plexus/plexus-velocity/1.1.7/plexus-velocity-1.1.7.jar:/home/cgi/.m2/repository/org/apache/velocity/velocity/1.5/velocity-1.5.jar:/home/cgi/.m2/repository/commons-collections/commons-collections/3.2/commons-collections-3.2.jar:/home/cgi/.m2/repository/commons-validator/commons-validator/1.2.0/commons-validator-1.2.0.jar:/home/cgi/.m2/repository/commons-beanutils/commons-beanutils/1.7.0/commons-beanutils-1.7.0.jar:/home/cgi/.m2/repository/commons-digester/commons-digester/1.6/commons-digester-1.6.jar:/home/cgi/.m2/repository/commons-logging/commons-logging/1.0.4/commons-logging-1.0.4.jar:/home/cgi/.m2/repository/oro/oro/2.0.8/oro-2.0.8.jar:/home/cgi/.m2/repository/xml-apis/xml-apis/1.4.01/xml-apis-1.4.01.jar:/home/cgi/.m2/repository/org/jacoco/org.jacoco.agent/0.8.2/org.jacoco.agent-0.8.2-runtime.jar:/home/cgi/.m2/repository/org/jacoco/org.jacoco.core/0.8.2/org.jacoco.core-0.8.2.jar:/home/cgi/.m2/repository/org/ow2/asm/asm/6.2.1/asm-6.2.1.jar:/home/cgi/.m2/repository/org/ow2/asm/asm-commons/6.2.1/asm-commons-6.2.1.jar:/home/cgi/.m2/repository/org/ow2/asm/asm-analysis/6.2.1/asm-analysis-6.2.1.jar:/home/cgi/.m2/repository/org/ow2/asm/asm-tree/6.2.1/asm-tree-6.2.1.jar:/home/cgi/.m2/repository/org/jacoco/org.jacoco.report/0.8.2/org.jacoco.report-0.8.2.jar:"/>
    <property name="java.vm.vendor" value="&quot;Oracle Corporation&quot;"/>
    <property name="sun.arch.data.model" value="64"/>
    <property name="java.vendor.url" value="http://java.oracle.com/"/>
    <property name="user.timezone" value=""/>
    <property name="java.vm.specification.version" value="10"/>
    <property name="os.name" value="Linux"/>
    <property name="sun.java.launcher" value="SUN_STANDARD"/>
    <property name="user.country" value="IN"/>
    <property name="sun.boot.library.path" value="/usr/lib/jvm/java-10-oracle/lib"/>
    <property name="sun.java.command" value="/home/cgi/Documents/knowledge-vault/config-server/target/surefire/surefirebooter9520738961416564929.jar /home/cgi/Documents/knowledge-vault/config-server/target/surefire 2018-11-22T11-59-32_857-jvmRun1 surefire2775098888029009301tmp surefire_0821614964409197627tmp"/>
    <property name="jdk.debug" value="release"/>
    <property name="surefire.test.class.path" value="/home/cgi/Documents/knowledge-vault/config-server/target/test-classes:/home/cgi/Documents/knowledge-vault/config-server/target/classes:/home/cgi/.m2/repository/org/springframework/cloud/spring-cloud-config-server/2.0.1.RELEASE/spring-cloud-config-server-2.0.1.RELEASE.jar:/home/cgi/.m2/repository/org/springframework/cloud/spring-cloud-config-client/2.0.1.RELEASE/spring-cloud-config-client-2.0.1.RELEASE.jar:/home/cgi/.m2/repository/org/springframework/boot/spring-boot-autoconfigure/2.1.0.RELEASE/spring-boot-autoconfigure-2.1.0.RELEASE.jar:/home/cgi/.m2/repository/org/springframework/cloud/spring-cloud-commons/2.0.1.RELEASE/spring-cloud-commons-2.0.1.RELEASE.jar:/home/cgi/.m2/repository/org/springframework/cloud/spring-cloud-context/2.0.1.RELEASE/spring-cloud-context-2.0.1.RELEASE.jar:/home/cgi/.m2/repository/org/springframework/spring-web/5.1.2.RELEASE/spring-web-5.1.2.RELEASE.jar:/home/cgi/.m2/repository/org/springframework/spring-beans/5.1.2.RELEASE/spring-beans-5.1.2.RELEASE.jar:/home/cgi/.m2/repository/org/springframework/boot/spring-boot-starter-actuator/2.1.0.RELEASE/spring-boot-starter-actuator-2.1.0.RELEASE.jar:/home/cgi/.m2/repository/org/springframework/boot/spring-boot-actuator-autoconfigure/2.1.0.RELEASE/spring-boot-actuator-autoconfigure-2.1.0.RELEASE.jar:/home/cgi/.m2/repository/org/springframework/boot/spring-boot-actuator/2.1.0.RELEASE/spring-boot-actuator-2.1.0.RELEASE.jar:/home/cgi/.m2/repository/org/springframework/spring-context/5.1.2.RELEASE/spring-context-5.1.2.RELEASE.jar:/home/cgi/.m2/repository/com/fasterxml/jackson/datatype/jackson-datatype-jsr310/2.9.7/jackson-datatype-jsr310-2.9.7.jar:/home/cgi/.m2/repository/io/micrometer/micrometer-core/1.1.0/micrometer-core-1.1.0.jar:/home/cgi/.m2/repository/org/hdrhistogram/HdrHistogram/2.1.9/HdrHistogram-2.1.9.jar:/home/cgi/.m2/repository/org/latencyutils/LatencyUtils/2.0.3/LatencyUtils-2.0.3.jar:/home/cgi/.m2/repository/org/springframework/boot/spring-boot-starter-web/2.1.0.RELEASE/spring-boot-starter-web-2.1.0.RELEASE.jar:/home/cgi/.m2/repository/org/springframework/boot/spring-boot-starter-json/2.1.0.RELEASE/spring-boot-starter-json-2.1.0.RELEASE.jar:/home/cgi/.m2/repository/com/fasterxml/jackson/datatype/jackson-datatype-jdk8/2.9.7/jackson-datatype-jdk8-2.9.7.jar:/home/cgi/.m2/repository/com/fasterxml/jackson/module/jackson-module-parameter-names/2.9.7/jackson-module-parameter-names-2.9.7.jar:/home/cgi/.m2/repository/org/springframework/boot/spring-boot-starter-tomcat/2.1.0.RELEASE/spring-boot-starter-tomcat-2.1.0.RELEASE.jar:/home/cgi/.m2/repository/org/apache/tomcat/embed/tomcat-embed-core/9.0.12/tomcat-embed-core-9.0.12.jar:/home/cgi/.m2/repository/org/apache/tomcat/embed/tomcat-embed-el/9.0.12/tomcat-embed-el-9.0.12.jar:/home/cgi/.m2/repository/org/apache/tomcat/embed/tomcat-embed-websocket/9.0.12/tomcat-embed-websocket-9.0.12.jar:/home/cgi/.m2/repository/org/hibernate/validator/hibernate-validator/6.0.13.Final/hibernate-validator-6.0.13.Final.jar:/home/cgi/.m2/repository/javax/validation/validation-api/2.0.1.Final/validation-api-2.0.1.Final.jar:/home/cgi/.m2/repository/org/jboss/logging/jboss-logging/3.3.2.Final/jboss-logging-3.3.2.Final.jar:/home/cgi/.m2/repository/com/fasterxml/classmate/1.4.0/classmate-1.4.0.jar:/home/cgi/.m2/repository/org/springframework/spring-webmvc/5.1.2.RELEASE/spring-webmvc-5.1.2.RELEASE.jar:/home/cgi/.m2/repository/org/springframework/spring-aop/5.1.2.RELEASE/spring-aop-5.1.2.RELEASE.jar:/home/cgi/.m2/repository/org/springframework/spring-expression/5.1.2.RELEASE/spring-expression-5.1.2.RELEASE.jar:/home/cgi/.m2/repository/org/springframework/security/spring-security-crypto/5.1.1.RELEASE/spring-security-crypto-5.1.1.RELEASE.jar:/home/cgi/.m2/repository/org/springframework/security/spring-security-rsa/1.0.5.RELEASE/spring-security-rsa-1.0.5.RELEASE.jar:/home/cgi/.m2/repository/org/bouncycastle/bcpkix-jdk15on/1.56/bcpkix-jdk15on-1.56.jar:/home/cgi/.m2/repository/org/bouncycastle/bcprov-jdk15on/1.56/bcprov-jdk15on-1.56.jar:/home/cgi/.m2/repository/org/eclipse/jgit/org.eclipse.jgit/4.11.0.201803080745-r/org.eclipse.jgit-4.11.0.201803080745-r.jar:/home/cgi/.m2/repository/com/jcraft/jsch/0.1.54/jsch-0.1.54.jar:/home/cgi/.m2/repository/com/jcraft/jzlib/1.1.1/jzlib-1.1.1.jar:/home/cgi/.m2/repository/com/googlecode/javaewah/JavaEWAH/1.1.6/JavaEWAH-1.1.6.jar:/home/cgi/.m2/repository/org/apache/httpcomponents/httpclient/4.5.6/httpclient-4.5.6.jar:/home/cgi/.m2/repository/commons-codec/commons-codec/1.11/commons-codec-1.11.jar:/home/cgi/.m2/repository/org/slf4j/slf4j-api/1.7.25/slf4j-api-1.7.25.jar:/home/cgi/.m2/repository/org/eclipse/jgit/org.eclipse.jgit.http.apache/4.11.0.201803080745-r/org.eclipse.jgit.http.apache-4.11.0.201803080745-r.jar:/home/cgi/.m2/repository/org/apache/httpcomponents/httpcore/4.4.10/httpcore-4.4.10.jar:/home/cgi/.m2/repository/org/yaml/snakeyaml/1.23/snakeyaml-1.23.jar:/home/cgi/.m2/repository/org/springframework/boot/spring-boot-starter-test/2.1.0.RELEASE/spring-boot-starter-test-2.1.0.RELEASE.jar:/home/cgi/.m2/repository/org/springframework/boot/spring-boot-starter/2.1.0.RELEASE/spring-boot-starter-2.1.0.RELEASE.jar:/home/cgi/.m2/repository/org/springframework/boot/spring-boot/2.1.0.RELEASE/spring-boot-2.1.0.RELEASE.jar:/home/cgi/.m2/repository/org/springframework/boot/spring-boot-starter-logging/2.1.0.RELEASE/spring-boot-starter-logging-2.1.0.RELEASE.jar:/home/cgi/.m2/repository/ch/qos/logback/logback-classic/1.2.3/logback-classic-1.2.3.jar:/home/cgi/.m2/repository/ch/qos/logback/logback-core/1.2.3/logback-core-1.2.3.jar:/home/cgi/.m2/repository/org/apache/logging/log4j/log4j-to-slf4j/2.11.1/log4j-to-slf4j-2.11.1.jar:/home/cgi/.m2/repository/org/apache/logging/log4j/log4j-api/2.11.1/log4j-api-2.11.1.jar:/home/cgi/.m2/repository/org/slf4j/jul-to-slf4j/1.7.25/jul-to-slf4j-1.7.25.jar:/home/cgi/.m2/repository/javax/annotation/javax.annotation-api/1.3.2/javax.annotation-api-1.3.2.jar:/home/cgi/.m2/repository/org/springframework/boot/spring-boot-test/2.1.0.RELEASE/spring-boot-test-2.1.0.RELEASE.jar:/home/cgi/.m2/repository/org/springframework/boot/spring-boot-test-autoconfigure/2.1.0.RELEASE/spring-boot-test-autoconfigure-2.1.0.RELEASE.jar:/home/cgi/.m2/repository/com/jayway/jsonpath/json-path/2.4.0/json-path-2.4.0.jar:/home/cgi/.m2/repository/net/minidev/json-smart/2.3/json-smart-2.3.jar:/home/cgi/.m2/repository/net/minidev/accessors-smart/1.2/accessors-smart-1.2.jar:/home/cgi/.m2/repository/org/assertj/assertj-core/3.11.1/assertj-core-3.11.1.jar:/home/cgi/.m2/repository/org/mockito/mockito-core/2.23.0/mockito-core-2.23.0.jar:/home/cgi/.m2/repository/net/bytebuddy/byte-buddy/1.9.3/byte-buddy-1.9.3.jar:/home/cgi/.m2/repository/net/bytebuddy/byte-buddy-agent/1.9.3/byte-buddy-agent-1.9.3.jar:/home/cgi/.m2/repository/org/objenesis/objenesis/2.6/objenesis-2.6.jar:/home/cgi/.m2/repository/org/hamcrest/hamcrest-core/1.3/hamcrest-core-1.3.jar:/home/cgi/.m2/repository/org/hamcrest/hamcrest-library/1.3/hamcrest-library-1.3.jar:/home/cgi/.m2/repository/org/skyscreamer/jsonassert/1.5.0/jsonassert-1.5.0.jar:/home/cgi/.m2/repository/com/vaadin/external/google/android-json/0.0.20131108.vaadin1/android-json-0.0.20131108.vaadin1.jar:/home/cgi/.m2/repository/org/springframework/spring-core/5.1.2.RELEASE/spring-core-5.1.2.RELEASE.jar:/home/cgi/.m2/repository/org/springframework/spring-jcl/5.1.2.RELEASE/spring-jcl-5.1.2.RELEASE.jar:/home/cgi/.m2/repository/org/springframework/spring-test/5.1.2.RELEASE/spring-test-5.1.2.RELEASE.jar:/home/cgi/.m2/repository/org/xmlunit/xmlunit-core/2.6.2/xmlunit-core-2.6.2.jar:/home/cgi/.m2/repository/javax/xml/bind/jaxb-api/2.3.1/jaxb-api-2.3.1.jar:/home/cgi/.m2/repository/javax/activation/javax.activation-api/1.2.0/javax.activation-api-1.2.0.jar:/home/cgi/.m2/repository/org/projectlombok/lombok/1.18.2/lombok-1.18.2.jar:/home/cgi/.m2/repository/com/fasterxml/jackson/core/jackson-databind/2.9.7/jackson-databind-2.9.7.jar:/home/cgi/.m2/repository/com/fasterxml/jackson/core/jackson-annotations/2.9.0/jackson-annotations-2.9.0.jar:/home/cgi/.m2/repository/com/fasterxml/jackson/core/jackson-core/2.9.7/jackson-core-2.9.7.jar:/home/cgi/.m2/repository/junit/junit/4.12/junit-4.12.jar:/home/cgi/.m2/repository/org/jacoco/jacoco-maven-plugin/0.8.2/jacoco-maven-plugin-0.8.2.jar:/home/cgi/.m2/repository/org/apache/maven/maven-plugin-api/2.2.1/maven-plugin-api-2.2.1.jar:/home/cgi/.m2/repository/org/apache/maven/maven-project/2.2.1/maven-project-2.2.1.jar:/home/cgi/.m2/repository/org/apache/maven/maven-settings/2.2.1/maven-settings-2.2.1.jar:/home/cgi/.m2/repository/org/apache/maven/maven-profile/2.2.1/maven-profile-2.2.1.jar:/home/cgi/.m2/repository/org/apache/maven/maven-model/2.2.1/maven-model-2.2.1.jar:/home/cgi/.m2/repository/org/apache/maven/maven-artifact-manager/2.2.1/maven-artifact-manager-2.2.1.jar:/home/cgi/.m2/repository/org/apache/maven/maven-repository-metadata/2.2.1/maven-repository-metadata-2.2.1.jar:/home/cgi/.m2/repository/org/apache/maven/wagon/wagon-provider-api/1.0-beta-6/wagon-provider-api-1.0-beta-6.jar:/home/cgi/.m2/repository/backport-util-concurrent/backport-util-concurrent/3.1/backport-util-concurrent-3.1.jar:/home/cgi/.m2/repository/org/apache/maven/maven-plugin-registry/2.2.1/maven-plugin-registry-2.2.1.jar:/home/cgi/.m2/repository/org/codehaus/plexus/plexus-interpolation/1.11/plexus-interpolation-1.11.jar:/home/cgi/.m2/repository/org/apache/maven/maven-artifact/2.2.1/maven-artifact-2.2.1.jar:/home/cgi/.m2/repository/org/codehaus/plexus/plexus-container-default/1.0-alpha-9-stable-1/plexus-container-default-1.0-alpha-9-stable-1.jar:/home/cgi/.m2/repository/classworlds/classworlds/1.1-alpha-2/classworlds-1.1-alpha-2.jar:/home/cgi/.m2/repository/org/codehaus/plexus/plexus-utils/3.0.22/plexus-utils-3.0.22.jar:/home/cgi/.m2/repository/org/apache/maven/shared/file-management/1.2.1/file-management-1.2.1.jar:/home/cgi/.m2/repository/org/apache/maven/shared/maven-shared-io/1.1/maven-shared-io-1.1.jar:/home/cgi/.m2/repository/org/apache/maven/reporting/maven-reporting-api/2.2.1/maven-reporting-api-2.2.1.jar:/home/cgi/.m2/repository/org/apache/maven/doxia/doxia-sink-api/1.1/doxia-sink-api-1.1.jar:/home/cgi/.m2/repository/org/apache/maven/doxia/doxia-logging-api/1.1/doxia-logging-api-1.1.jar:/home/cgi/.m2/repository/org/apache/maven/reporting/maven-reporting-impl/2.1/maven-reporting-impl-2.1.jar:/home/cgi/.m2/repository/org/apache/maven/doxia/doxia-core/1.1.2/doxia-core-1.1.2.jar:/home/cgi/.m2/repository/xerces/xercesImpl/2.8.1/xercesImpl-2.8.1.jar:/home/cgi/.m2/repository/commons-lang/commons-lang/2.4/commons-lang-2.4.jar:/home/cgi/.m2/repository/commons-httpclient/commons-httpclient/3.1/commons-httpclient-3.1.jar:/home/cgi/.m2/repository/org/apache/maven/doxia/doxia-site-renderer/1.1.2/doxia-site-renderer-1.1.2.jar:/home/cgi/.m2/repository/org/apache/maven/doxia/doxia-decoration-model/1.1.2/doxia-decoration-model-1.1.2.jar:/home/cgi/.m2/repository/org/apache/maven/doxia/doxia-module-xhtml/1.1.2/doxia-module-xhtml-1.1.2.jar:/home/cgi/.m2/repository/org/apache/maven/doxia/doxia-module-fml/1.1.2/doxia-module-fml-1.1.2.jar:/home/cgi/.m2/repository/org/codehaus/plexus/plexus-i18n/1.0-beta-7/plexus-i18n-1.0-beta-7.jar:/home/cgi/.m2/repository/org/codehaus/plexus/plexus-velocity/1.1.7/plexus-velocity-1.1.7.jar:/home/cgi/.m2/repository/org/apache/velocity/velocity/1.5/velocity-1.5.jar:/home/cgi/.m2/repository/commons-collections/commons-collections/3.2/commons-collections-3.2.jar:/home/cgi/.m2/repository/commons-validator/commons-validator/1.2.0/commons-validator-1.2.0.jar:/home/cgi/.m2/repository/commons-beanutils/commons-beanutils/1.7.0/commons-beanutils-1.7.0.jar:/home/cgi/.m2/repository/commons-digester/commons-digester/1.6/commons-digester-1.6.jar:/home/cgi/.m2/repository/commons-logging/commons-logging/1.0.4/commons-logging-1.0.4.jar:/home/cgi/.m2/repository/oro/oro/2.0.8/oro-2.0.8.jar:/home/cgi/.m2/repository/xml-apis/xml-apis/1.4.01/xml-apis-1.4.01.jar:/home/cgi/.m2/repository/org/jacoco/org.jacoco.agent/0.8.2/org.jacoco.agent-0.8.2-runtime.jar:/home/cgi/.m2/repository/org/jacoco/org.jacoco.core/0.8.2/org.jacoco.core-0.8.2.jar:/home/cgi/.m2/repository/org/ow2/asm/asm/6.2.1/asm-6.2.1.jar:/home/cgi/.m2/repository/org/ow2/asm/asm-commons/6.2.1/asm-commons-6.2.1.jar:/home/cgi/.m2/repository/org/ow2/asm/asm-analysis/6.2.1/asm-analysis-6.2.1.jar:/home/cgi/.m2/repository/org/ow2/asm/asm-tree/6.2.1/asm-tree-6.2.1.jar:/home/cgi/.m2/repository/org/jacoco/org.jacoco.report/0.8.2/org.jacoco.report-0.8.2.jar:"/>
    <property name="sun.cpu.endian" value="little"/>
    <property name="user.home" value="/home/cgi"/>
    <property name="user.language" value="en"/>
    <property name="java.specification.vendor" value="Oracle Corporation"/>
    <property name="java.version.date" value="2018-07-17"/>
    <property name="java.home" value="/usr/lib/jvm/java-10-oracle"/>
    <property name="file.separator" value="/"/>
    <property name="basedir" value="/home/cgi/Documents/knowledge-vault/config-server"/>
    <property name="java.vm.compressedOopsMode" value="32-bit"/>
    <property name="line.separator" value="&#10;"/>
    <property name="java.specification.name" value="Java Platform API Specification"/>
    <property name="java.vm.specification.vendor" value="Oracle Corporation"/>
    <property name="java.awt.graphicsenv" value="sun.awt.X11GraphicsEnvironment"/>
    <property name="surefire.real.class.path" value="/home/cgi/Documents/knowledge-vault/config-server/target/surefire/surefirebooter9520738961416564929.jar"/>
    <property name="sun.management.compiler" value="HotSpot 64-Bit Tiered Compilers"/>
    <property name="java.runtime.version" value="10.0.2+13"/>
    <property name="user.name" value="cgi"/>
    <property name="path.separator" value=":"/>
    <property name="os.version" value="4.15.0-39-generic"/>
    <property name="java.runtime.name" value="Java(TM) SE Runtime Environment"/>
    <property name="file.encoding" value="UTF-8"/>
    <property name="java.vm.name" value="Java HotSpot(TM) 64-Bit Server VM"/>
    <property name="java.vendor.version" value="18.3"/>
    <property name="localRepository" value="/home/cgi/.m2/repository"/>
    <property name="java.vendor.url.bug" value="http://bugreport.java.com/bugreport/"/>
    <property name="java.io.tmpdir" value="/tmp"/>
    <property name="java.version" value="10.0.2"/>
    <property name="user.dir" value="/home/cgi/Documents/knowledge-vault/config-server"/>
    <property name="os.arch" value="amd64"/>
    <property name="java.vm.specification.name" value="Java Virtual Machine Specification"/>
    <property name="java.awt.printerjob" value="sun.print.PSPrinterJob"/>
    <property name="sun.os.patch.level" value="unknown"/>
    <property name="java.library.path" value="/usr/java/packages/lib:/usr/lib64:/lib64:/lib:/usr/lib"/>
    <property name="java.vendor" value="Oracle Corporation"/>
    <property name="java.vm.info" value="mixed mode"/>
    <property name="java.vm.version" value="10.0.2+13"/>
    <property name="sun.io.unicode.encoding" value="UnicodeLittle"/>
    <property name="java.class.version" value="54.0"/>
  </properties>
  <testcase name="contextLoads" classname="com.stackroute.knowledgevault.configserver.ConfigServerApplicationTests" time="0.822"/>
</testsuite>